<?xml version="1.0" encoding="UTF-8"?>
<!-- Generated by org.testng.reporters.JUnitReportReporter -->
<testsuite hostname="ROB-PC" name="com.crm.qa.testcases.LoginPageTest" tests="2" failures="0" timestamp="30 Mar 2020 03:45:42 GMT" time="32.999" errors="0">
  <testcase name="loginTest" time="19.784" classname="com.crm.qa.testcases.LoginPageTest"/>
  <testcase name="validateLoginPageTitleTests" time="13.215" classname="com.crm.qa.testcases.LoginPageTest"/>
</testsuite> <!-- com.crm.qa.testcases.LoginPageTest -->
