<?xml version="1.0" encoding="UTF-8"?>
<!-- Generated by org.testng.reporters.JUnitReportReporter -->
<testsuite hostname="ROB-PC" name="com.crm.qa.testcases.ContactUsPageTest" tests="1" failures="0" timestamp="30 Mar 2020 03:45:42 GMT" time="15.817" errors="0">
  <testcase name="validateSuccessMessageTest" time="15.817" classname="com.crm.qa.testcases.ContactUsPageTest"/>
</testsuite> <!-- com.crm.qa.testcases.ContactUsPageTest -->
