<?xml version="1.0" encoding="UTF-8"?>
<!-- Generated by org.testng.reporters.JUnitReportReporter -->
<testsuite hostname="ROB-PC" name="com.crm.qa.testcases.SearchPageTest" tests="1" failures="0" timestamp="5 Mar 2020 00:04:23 GMT" time="16.744" errors="0">
  <testcase name="validateTitle" time="16.744" classname="com.crm.qa.testcases.SearchPageTest"/>
</testsuite> <!-- com.crm.qa.testcases.SearchPageTest -->
