<?xml version="1.0" encoding="UTF-8"?>
<!-- Generated by org.testng.reporters.JUnitReportReporter -->
<testsuite hostname="ROB-PC" name="com.crm.qa.testcases.Test" tests="1" failures="0" timestamp="3 Mar 2020 00:56:32 GMT" time="12.514" errors="0">
  <testcase name="title" time="12.514" classname="com.crm.qa.testcases.Test"/>
</testsuite> <!-- com.crm.qa.testcases.Test -->
