<?xml version="1.0" encoding="UTF-8"?>
<!-- Generated by org.testng.reporters.JUnitReportReporter -->
<testsuite skipped="0" hostname="ROB-PC" name="com.crm.qa.testcases.ContactUsPageTest" tests="1" failures="0" timestamp="31 Mar 2020 01:19:37 GMT" time="19.506" errors="0">
  <testcase name="validateSuccessMessageTest" time="19.506" classname="com.crm.qa.testcases.ContactUsPageTest"/>
</testsuite> <!-- com.crm.qa.testcases.ContactUsPageTest -->
