<?xml version="1.0" encoding="UTF-8"?>
<!-- Generated by org.testng.reporters.JUnitReportReporter -->
<testsuite skipped="0" hostname="ROB-PC" name="com.crm.qa.testcases.HomePageTest" tests="3" failures="0" timestamp="31 Mar 2020 01:19:37 GMT" time="63.034" errors="0">
  <testcase name="performSearch" time="23.046" classname="com.crm.qa.testcases.HomePageTest"/>
  <testcase name="validateTitle" time="19.603" classname="com.crm.qa.testcases.HomePageTest"/>
  <testcase name="validateImage" time="20.385" classname="com.crm.qa.testcases.HomePageTest"/>
</testsuite> <!-- com.crm.qa.testcases.HomePageTest -->
