<?xml version="1.0" encoding="UTF-8"?>
<!-- Generated by org.testng.reporters.JUnitReportReporter -->
<testsuite skipped="0" hostname="ROB-PC" name="com.crm.qa.testcases.LoginPageTest" tests="2" failures="0" timestamp="31 Mar 2020 01:19:37 GMT" time="28.001" errors="0">
  <testcase name="loginTest" time="16.105" classname="com.crm.qa.testcases.LoginPageTest"/>
  <testcase name="validateLoginPageTitleTests" time="11.896" classname="com.crm.qa.testcases.LoginPageTest"/>
</testsuite> <!-- com.crm.qa.testcases.LoginPageTest -->
